\BOOKMARK [0][-]{chapter*.4}{\376\377\000A\000b\000s\000t\000r\000a\000c\000t}{}% 1
\BOOKMARK [0][-]{chapter*.5}{\376\377\000C\000e\000r\000t\000i\000f\000i\000c\000a\000t\000e\000\040\000o\000f\000\040\000I\000n\000t\000e\000r\000n\000s\000h\000i\000p}{}% 2
\BOOKMARK [0][-]{chapter.1}{\376\377\000A\000b\000o\000u\000t\000\040\000t\000h\000e\000\040\000O\000r\000g\000a\000n\000i\000z\000a\000t\000i\000o\000n}{}% 3
\BOOKMARK [1][-]{section.1.1}{\376\377\000I\000n\000t\000r\000o\000d\000u\000c\000t\000i\000o\000n}{chapter.1}% 4
\BOOKMARK [1][-]{section.1.2}{\376\377\000V\000i\000s\000i\000o\000n}{chapter.1}% 5
\BOOKMARK [1][-]{section.1.3}{\376\377\000M\000i\000s\000s\000i\000o\000n}{chapter.1}% 6
\BOOKMARK [1][-]{section.1.4}{\376\377\000T\000e\000a\000m}{chapter.1}% 7
\BOOKMARK [1][-]{section.1.5}{\376\377\000S\000e\000r\000v\000i\000c\000e\000s}{chapter.1}% 8
\BOOKMARK [0][-]{chapter.2}{\376\377\000A\000b\000o\000u\000t\000\040\000t\000h\000e\000\040\000D\000e\000p\000a\000r\000t\000m\000e\000n\000t}{}% 9
\BOOKMARK [1][-]{section.2.1}{\376\377\000I\000n\000t\000r\000o\000d\000u\000c\000t\000i\000o\000n}{chapter.2}% 10
\BOOKMARK [1][-]{section.2.2}{\376\377\000E\000m\000p\000l\000o\000y\000e\000e\000\040\000E\000x\000p\000e\000r\000i\000e\000n\000c\000e\000\040\000D\000e\000p\000a\000r\000t\000m\000e\000n\000t}{chapter.2}% 11
\BOOKMARK [1][-]{section.2.3}{\376\377\000A\000n\000a\000l\000y\000t\000i\000c\000s\000\040\000P\000r\000o\000j\000e\000c\000t\000\040\000D\000e\000v\000e\000l\000o\000p\000m\000e\000n\000t\000\040\000P\000r\000o\000c\000e\000s\000s}{chapter.2}% 12
\BOOKMARK [0][-]{chapter.3}{\376\377\000I\000n\000t\000e\000r\000n\000s\000h\000i\000p\000\040\000D\000o\000m\000a\000i\000n}{}% 13
\BOOKMARK [1][-]{section.3.1}{\376\377\000I\000n\000t\000r\000o\000d\000u\000c\000t\000i\000o\000n}{chapter.3}% 14
\BOOKMARK [1][-]{section.3.2}{\376\377\000T\000e\000c\000h\000n\000o\000l\000o\000g\000i\000e\000s\000\040\000U\000s\000e\000d}{chapter.3}% 15
\BOOKMARK [2][-]{subsection.3.2.1}{\376\377\000P\000y\000t\000h\000o\000n\000\040\000E\000c\000o\000s\000y\000s\000t\000e\000m}{section.3.2}% 16
\BOOKMARK [2][-]{subsection.3.2.2}{\376\377\000S\000t\000r\000e\000a\000m\000l\000i\000t\000\040\0001\000.\0005\0006\000.\0000}{section.3.2}% 17
\BOOKMARK [2][-]{subsection.3.2.3}{\376\377\000P\000l\000o\000t\000l\000y\000\040\0006\000.\0006\000.\0000}{section.3.2}% 18
\BOOKMARK [1][-]{section.3.3}{\376\377\000S\000o\000f\000t\000w\000a\000r\000e\000\040\000A\000r\000c\000h\000i\000t\000e\000c\000t\000u\000r\000e}{chapter.3}% 19
\BOOKMARK [0][-]{chapter.4}{\376\377\000T\000a\000s\000k\000s\000\040\000P\000e\000r\000f\000o\000r\000m\000e\000d}{}% 20
\BOOKMARK [1][-]{section.4.1}{\376\377\000D\000a\000t\000a\000\040\000E\000n\000g\000i\000n\000e\000e\000r\000i\000n\000g\000\040\000P\000i\000p\000e\000l\000i\000n\000e}{chapter.4}% 21
\BOOKMARK [1][-]{section.4.2}{\376\377\000A\000n\000a\000l\000y\000t\000i\000c\000s\000\040\000E\000n\000g\000i\000n\000e\000\040\000a\000n\000d\000\040\000D\000a\000s\000h\000b\000o\000a\000r\000d\000\040\000D\000e\000v\000e\000l\000o\000p\000m\000e\000n\000t}{chapter.4}% 22
\BOOKMARK [0][-]{chapter.5}{\376\377\000I\000n\000t\000e\000r\000n\000s\000h\000i\000p\000\040\000O\000u\000t\000c\000o\000m\000e\000s}{}% 23
\BOOKMARK [1][-]{section.5.1}{\376\377\000K\000e\000y\000\040\000F\000i\000n\000d\000i\000n\000g\000s\000\040\000a\000n\000d\000\040\000R\000e\000s\000u\000l\000t\000s}{chapter.5}% 24
\BOOKMARK [1][-]{section.5.2}{\376\377\000S\000k\000i\000l\000l\000s\000\040\000a\000n\000d\000\040\000P\000r\000o\000f\000e\000s\000s\000i\000o\000n\000a\000l\000\040\000D\000e\000v\000e\000l\000o\000p\000m\000e\000n\000t}{chapter.5}% 25
\BOOKMARK [0][-]{chapter.6}{\376\377\000C\000o\000n\000c\000l\000u\000s\000i\000o\000n}{}% 26
\BOOKMARK [0][-]{chapter.6}{\376\377\000B\000i\000b\000l\000i\000o\000g\000r\000a\000p\000h\000y}{}% 27
